<?xml version="1.0" encoding="UTF-8"?>
<!-- Generated by org.testng.reporters.JUnitXMLReporter -->
<testsuite ignored="0" hostname="DESKTOP-N3LRL61" failures="0" tests="3" name="Default test" time="7.567" errors="0" timestamp="2025-05-31T17:31:02 IST">
  <testcase classname="com.QA.tests.User_Test" name="create_User_Test" time="4.419"/>
  <testcase classname="com.QA.tests.User_Test" name="get_user_Test" time="0.878"/>
  <testcase classname="com.QA.tests.User_Test" name="Delete_user_Test" time="0.855"/>
</testsuite> <!-- Default test -->
