<?xml version="1.0" encoding="UTF-8"?>
<!-- Generated by org.testng.reporters.JUnitXMLReporter -->
<testsuite ignored="0" hostname="DESKTOP-N3LRL61" failures="0" tests="3" name="Test" time="8.972" errors="0" timestamp="2025-05-31T17:47:47 IST">
  <testcase classname="com.QA.tests.User_Test" name="create_User_Test" time="4.405"/>
  <testcase classname="com.QA.tests.User_Test" name="get_user_Test" time="1.59"/>
  <testcase classname="com.QA.tests.User_Test" name="Delete_user_Test" time="1.083"/>
</testsuite> <!-- Test -->
