<?xml version="1.0" encoding="UTF-8"?>
<testng-results ignored="0" total="3" passed="3" failed="0" skipped="0">
  <reporter-output>
  </reporter-output>
  <suite started-at="2025-05-31T17:47:38 IST" name="Suite" finished-at="2025-05-31T17:47:47 IST" duration-ms="8972">
    <groups>
    </groups>
    <test started-at="2025-05-31T17:47:38 IST" name="Test" finished-at="2025-05-31T17:47:47 IST" duration-ms="8972">
      <class name="com.QA.tests.User_Test">
        <test-method is-config="true" signature="set_Up()[pri:0, instance:com.QA.tests.User_Test@7d4f9aae]" started-at="2025-05-31T17:47:38 IST" name="set_Up" finished-at="2025-05-31T17:47:40 IST" duration-ms="1341" status="PASS">
          <reporter-output>
          </reporter-output>
        </test-method> <!-- set_Up -->
        <test-method signature="create_User_Test()[pri:1, instance:com.QA.tests.User_Test@7d4f9aae]" started-at="2025-05-31T17:47:40 IST" name="create_User_Test" finished-at="2025-05-31T17:47:44 IST" duration-ms="4405" status="PASS">
          <reporter-output>
          </reporter-output>
        </test-method> <!-- create_User_Test -->
        <test-method signature="get_user_Test()[pri:2, instance:com.QA.tests.User_Test@7d4f9aae]" started-at="2025-05-31T17:47:44 IST" name="get_user_Test" finished-at="2025-05-31T17:47:46 IST" duration-ms="1590" status="PASS">
          <reporter-output>
          </reporter-output>
        </test-method> <!-- get_user_Test -->
        <test-method signature="Delete_user_Test()[pri:3, instance:com.QA.tests.User_Test@7d4f9aae]" started-at="2025-05-31T17:47:46 IST" name="Delete_user_Test" finished-at="2025-05-31T17:47:47 IST" duration-ms="1083" status="PASS">
          <reporter-output>
          </reporter-output>
        </test-method> <!-- Delete_user_Test -->
      </class> <!-- com.QA.tests.User_Test -->
    </test> <!-- Test -->
  </suite> <!-- Suite -->
</testng-results>
